Copyright 1986-2020 Xilinx, Inc. All Rights Reserved.
------------------------------------------------------------------------------------
| Tool Version : Vivado v.2020.2 (win64) Build 3064766 Wed Nov 18 09:12:45 MST 2020
| Date         : Tue May  4 14:57:28 2021
| Host         : DESKTOP-5UCDFV7 running 64-bit major release  (build 9200)
| Command      : report_control_sets -verbose -file top_control_sets_placed.rpt
| Design       : top
| Device       : xc7a35ti
------------------------------------------------------------------------------------

Control Set Information

Table of Contents
-----------------
1. Summary
2. Histogram
3. Flip-Flop Distribution
4. Detailed Control Set Information

1. Summary
----------

+----------------------------------------------------------+-------+
|                          Status                          | Count |
+----------------------------------------------------------+-------+
| Total control sets                                       |     8 |
|    Minimum number of control sets                        |     8 |
|    Addition due to synthesis replication                 |     0 |
|    Addition due to physical synthesis replication        |     0 |
| Unused register locations in slices containing registers |    18 |
+----------------------------------------------------------+-------+
* Control sets can be merged at opt_design using control_set_merge or merge_equivalent_drivers
** Run report_qor_suggestions for automated merging and remapping suggestions


2. Histogram
------------

+--------------------+-------+
|       Fanout       | Count |
+--------------------+-------+
| Total control sets |     8 |
| >= 0 to < 4        |     1 |
| >= 4 to < 6        |     0 |
| >= 6 to < 8        |     1 |
| >= 8 to < 10       |     0 |
| >= 10 to < 12      |     0 |
| >= 12 to < 14      |     0 |
| >= 14 to < 16      |     0 |
| >= 16              |     6 |
+--------------------+-------+
* Control sets can be remapped at either synth_design or opt_design


3. Flip-Flop Distribution
-------------------------

+--------------+-----------------------+------------------------+-----------------+--------------+
| Clock Enable | Synchronous Set/Reset | Asynchronous Set/Reset | Total Registers | Total Slices |
+--------------+-----------------------+------------------------+-----------------+--------------+
| No           | No                    | No                     |               0 |            0 |
| No           | No                    | Yes                    |               0 |            0 |
| No           | Yes                   | No                     |              99 |           30 |
| Yes          | No                    | No                     |               1 |            1 |
| Yes          | No                    | Yes                    |               0 |            0 |
| Yes          | Yes                   | No                     |              50 |           22 |
+--------------+-----------------------+------------------------+-----------------+--------------+


4. Detailed Control Set Information
-----------------------------------

+----------------------+-----------------------------------------------------+-----------------------------------------------------+------------------+----------------+--------------+
|     Clock Signal     |                    Enable Signal                    |                   Set/Reset Signal                  | Slice Load Count | Bel Load Count | Bels / Slice |
+----------------------+-----------------------------------------------------+-----------------------------------------------------+------------------+----------------+--------------+
|  CLK100MHZ_IBUF_BUFG | state_machine/clk_en0/ce_o_reg_1                    |                                                     |                1 |              1 |         1.00 |
|  CLK100MHZ_IBUF_BUFG |                                                     | sw_IBUF[0]                                          |                6 |              6 |         1.00 |
|  CLK100MHZ_IBUF_BUFG | state_machine/clk_en0/FSM_sequential_s_state_reg[1] | state_machine/clk_en0/ce_o_reg_2                    |                5 |             16 |         3.20 |
|  CLK100MHZ_IBUF_BUFG | state_machine/clk_en0/ce_o_reg_0                    | state_machine/clk_en0/FSM_sequential_s_state_reg[0] |               10 |             16 |         1.60 |
|  CLK100MHZ_IBUF_BUFG | state_machine/clk_en0/E[0]                          | sw_IBUF[0]                                          |                7 |             18 |         2.57 |
|  CLK100MHZ_IBUF_BUFG |                                                     | state_machine/clk_en0/s_cnt_local[0]_i_1_n_0        |                8 |             31 |         3.88 |
|  CLK100MHZ_IBUF_BUFG |                                                     | pwm/clk_en1/s_cnt_local[0]_i_1__1_n_0               |                8 |             31 |         3.88 |
|  CLK100MHZ_IBUF_BUFG |                                                     | pwm/clk_en0/s_cnt_local[0]_i_1__0_n_0               |                8 |             31 |         3.88 |
+----------------------+-----------------------------------------------------+-----------------------------------------------------+------------------+----------------+--------------+


