#-----------------------------------------------------------
# Vivado v2020.2 (64-bit)
# SW Build 3064766 on Wed Nov 18 09:12:45 MST 2020
# IP Build 3064653 on Wed Nov 18 14:17:31 MST 2020
# Start of session at: Tue May  4 12:38:33 2021
# Process ID: 1592
# Current directory: D:/malygit/Digital-electronics-1/Labs/de1_projekt/project
# Command line: vivado.exe -gui_launcher_event rodinguilauncherevent17108 D:\malygit\Digital-electronics-1\Labs\de1_projekt\project\project.xpr
# Log file: D:/malygit/Digital-electronics-1/Labs/de1_projekt/project/vivado.log
# Journal file: D:/malygit/Digital-electronics-1/Labs/de1_projekt/project\vivado.jou
#-----------------------------------------------------------
start_gui
open_project D:/malygit/Digital-electronics-1/Labs/de1_projekt/project/project.xpr
WARNING: [filemgmt 56-3] Default IP Output Path : Could not find the directory 'D:/malygit/Digital-electronics-1/Labs/de1_projekt/project/project.gen/sources_1'.
Scanning sources...
Finished scanning sources
INFO: [IP_Flow 19-234] Refreshing IP repositories
INFO: [IP_Flow 19-1704] No user IP repositories specified
INFO: [IP_Flow 19-2313] Loaded Vivado IP repository 'D:/vvivado/Vivado/2020.2/data/ip'.
open_project: Time (s): cpu = 00:00:13 ; elapsed = 00:00:05 . Memory (MB): peak = 1003.203 ; gain = 0.000
update_compile_order -fileset sources_1
launch_simulation
Command: launch_simulation 
INFO: [Vivado 12-5682] Launching behavioral simulation in 'D:/malygit/Digital-electronics-1/Labs/de1_projekt/project/project.sim/sim_1/behav/xsim'
INFO: [SIM-utils-51] Simulation object is 'sim_1'
INFO: [SIM-utils-54] Inspecting design source files for 'tb_top' in fileset 'sim_1'...
INFO: [USF-XSim-97] Finding global include files...
INFO: [USF-XSim-98] Fetching design files from 'sim_1'...
INFO: [USF-XSim-2] XSim::Compile design
INFO: [USF-XSim-61] Executing 'COMPILE and ANALYZE' step in 'D:/malygit/Digital-electronics-1/Labs/de1_projekt/project/project.sim/sim_1/behav/xsim'
"xvhdl --incr --relax -prj tb_top_vhdl.prj"
INFO: [VRFC 10-163] Analyzing VHDL file "D:/malygit/Digital-electronics-1/Labs/de1_projekt/project/project.srcs/sim_1/new/tb_top.vhd" into library xil_defaultlib
INFO: [VRFC 10-3107] analyzing entity 'tb_top'
INFO: [USF-XSim-69] 'compile' step finished in '1' seconds
INFO: [USF-XSim-3] XSim::Elaborate design
INFO: [USF-XSim-61] Executing 'ELABORATE' step in 'D:/malygit/Digital-electronics-1/Labs/de1_projekt/project/project.sim/sim_1/behav/xsim'
"xelab -wto c36a08d58b9c4889a4cef2aad221be2c --incr --debug typical --relax --mt 2 -L xil_defaultlib -L secureip --snapshot tb_top_behav xil_defaultlib.tb_top -log elaborate.log"
Vivado Simulator 2020.2
Copyright 1986-1999, 2001-2020 Xilinx, Inc. All Rights Reserved.
Running: D:/vvivado/Vivado/2020.2/bin/unwrapped/win64.o/xelab.exe -wto c36a08d58b9c4889a4cef2aad221be2c --incr --debug typical --relax --mt 2 -L xil_defaultlib -L secureip --snapshot tb_top_behav xil_defaultlib.tb_top -log elaborate.log 
Using 2 slave threads.
Starting static elaboration
Completed static elaboration
Starting simulation data flow analysis
Completed simulation data flow analysis
Time Resolution for simulation is 1ps
Compiling package std.standard
Compiling package std.textio
Compiling package ieee.std_logic_1164
Compiling package ieee.numeric_std
Compiling architecture behavioral of entity xil_defaultlib.clock_enable [\clock_enable(g_max=100)\]
Compiling architecture behavioral of entity xil_defaultlib.state_machine [state_machine_default]
Compiling architecture behavioral of entity xil_defaultlib.clock_enable [\clock_enable(g_max=25000)\]
Compiling architecture behavioral of entity xil_defaultlib.clk_enable_beep [clk_enable_beep_default]
Compiling architecture behavioral of entity xil_defaultlib.pwm [pwm_default]
Compiling architecture behavioral of entity xil_defaultlib.LED_bargraph [led_bargraph_default]
Compiling architecture behavioral of entity xil_defaultlib.top [top_default]
Compiling architecture behavioral of entity xil_defaultlib.tb_top
Built simulation snapshot tb_top_behav
INFO: [USF-XSim-69] 'elaborate' step finished in '3' seconds
INFO: [USF-XSim-4] XSim::Simulate design
INFO: [USF-XSim-61] Executing 'SIMULATE' step in 'D:/malygit/Digital-electronics-1/Labs/de1_projekt/project/project.sim/sim_1/behav/xsim'
INFO: [USF-XSim-98] *** Running xsim
   with args "tb_top_behav -key {Behavioral:sim_1:Functional:tb_top} -tclbatch {tb_top.tcl} -log {simulate.log}"
INFO: [USF-XSim-8] Loading simulator feature
Vivado Simulator 2020.2
Time resolution is 1 ps
source tb_top.tcl
# set curr_wave [current_wave_config]
# if { [string length $curr_wave] == 0 } {
#   if { [llength [get_objects]] > 0} {
#     add_wave /
#     set_property needs_save false [current_wave_config]
#   } else {
#      send_msg_id Add_Wave-1 WARNING "No top level signals found. Simulator will start without a wave window. If you want to open a wave window go to 'File->New Waveform Configuration' or type 'create_wave_config' in the TCL console."
#   }
# }
# run 200ms
INFO: [USF-XSim-96] XSim completed. Design snapshot 'tb_top_behav' loaded.
INFO: [USF-XSim-97] XSim simulation ran for 200ms
launch_simulation: Time (s): cpu = 00:00:09 ; elapsed = 00:00:08 . Memory (MB): peak = 1003.203 ; gain = 0.000
relaunch_sim
Command: launch_simulation -simset sim_1 -mode behavioral
INFO: [Vivado 12-5682] Launching behavioral simulation in 'D:/malygit/Digital-electronics-1/Labs/de1_projekt/project/project.sim/sim_1/behav/xsim'
INFO: [SIM-utils-51] Simulation object is 'sim_1'
INFO: [SIM-utils-54] Inspecting design source files for 'tb_top' in fileset 'sim_1'...
INFO: [USF-XSim-97] Finding global include files...
INFO: [USF-XSim-98] Fetching design files from 'sim_1'...
INFO: [USF-XSim-2] XSim::Compile design
INFO: [USF-XSim-61] Executing 'COMPILE and ANALYZE' step in 'D:/malygit/Digital-electronics-1/Labs/de1_projekt/project/project.sim/sim_1/behav/xsim'
"xvhdl --incr --relax -prj tb_top_vhdl.prj"
INFO: [VRFC 10-163] Analyzing VHDL file "D:/malygit/Digital-electronics-1/Labs/de1_projekt/project/project.srcs/sim_1/new/tb_top.vhd" into library xil_defaultlib
INFO: [VRFC 10-3107] analyzing entity 'tb_top'
INFO: [USF-XSim-69] 'compile' step finished in '1' seconds
Command: launch_simulation -simset sim_1 -mode behavioral
INFO: [Vivado 12-5682] Launching behavioral simulation in 'D:/malygit/Digital-electronics-1/Labs/de1_projekt/project/project.sim/sim_1/behav/xsim'
INFO: [USF-XSim-3] XSim::Elaborate design
INFO: [USF-XSim-61] Executing 'ELABORATE' step in 'D:/malygit/Digital-electronics-1/Labs/de1_projekt/project/project.sim/sim_1/behav/xsim'
"xelab -wto c36a08d58b9c4889a4cef2aad221be2c --incr --debug typical --relax --mt 2 -L xil_defaultlib -L secureip --snapshot tb_top_behav xil_defaultlib.tb_top -log elaborate.log"
Vivado Simulator 2020.2
Copyright 1986-1999, 2001-2020 Xilinx, Inc. All Rights Reserved.
Running: D:/vvivado/Vivado/2020.2/bin/unwrapped/win64.o/xelab.exe -wto c36a08d58b9c4889a4cef2aad221be2c --incr --debug typical --relax --mt 2 -L xil_defaultlib -L secureip --snapshot tb_top_behav xil_defaultlib.tb_top -log elaborate.log 
Using 2 slave threads.
Starting static elaboration
Completed static elaboration
Starting simulation data flow analysis
Completed simulation data flow analysis
Time Resolution for simulation is 1ps
Compiling package std.standard
Compiling package std.textio
Compiling package ieee.std_logic_1164
Compiling package ieee.numeric_std
Compiling architecture behavioral of entity xil_defaultlib.clock_enable [\clock_enable(g_max=100)\]
Compiling architecture behavioral of entity xil_defaultlib.state_machine [state_machine_default]
Compiling architecture behavioral of entity xil_defaultlib.clock_enable [\clock_enable(g_max=25000)\]
Compiling architecture behavioral of entity xil_defaultlib.clk_enable_beep [clk_enable_beep_default]
Compiling architecture behavioral of entity xil_defaultlib.pwm [pwm_default]
Compiling architecture behavioral of entity xil_defaultlib.LED_bargraph [led_bargraph_default]
Compiling architecture behavioral of entity xil_defaultlib.top [top_default]
Compiling architecture behavioral of entity xil_defaultlib.tb_top
Built simulation snapshot tb_top_behav
INFO: [USF-XSim-69] 'elaborate' step finished in '2' seconds
Vivado Simulator 2020.2
Time resolution is 1 ps
INFO: [Common 17-41] Interrupt caught. Command should exit soon.
run: Time (s): cpu = 00:00:08 ; elapsed = 00:00:14 . Memory (MB): peak = 1003.203 ; gain = 0.000
INFO: [Common 17-344] 'run' was cancelled
INFO: [Common 17-344] 'source' was cancelled
relaunch_xsim_kernel: Time (s): cpu = 00:00:08 ; elapsed = 00:00:16 . Memory (MB): peak = 1003.203 ; gain = 0.000
INFO: [Common 17-344] 'relaunch_xsim_kernel' was cancelled
INFO: [Common 17-344] 'relaunch_sim' was cancelled
relaunch_sim
Command: launch_simulation -simset sim_1 -mode behavioral
INFO: [Vivado 12-5682] Launching behavioral simulation in 'D:/malygit/Digital-electronics-1/Labs/de1_projekt/project/project.sim/sim_1/behav/xsim'
INFO: [SIM-utils-51] Simulation object is 'sim_1'
INFO: [SIM-utils-54] Inspecting design source files for 'tb_top' in fileset 'sim_1'...
INFO: [USF-XSim-97] Finding global include files...
INFO: [USF-XSim-98] Fetching design files from 'sim_1'...
INFO: [USF-XSim-2] XSim::Compile design
INFO: [USF-XSim-61] Executing 'COMPILE and ANALYZE' step in 'D:/malygit/Digital-electronics-1/Labs/de1_projekt/project/project.sim/sim_1/behav/xsim'
"xvhdl --incr --relax -prj tb_top_vhdl.prj"
INFO: [VRFC 10-163] Analyzing VHDL file "D:/malygit/Digital-electronics-1/Labs/de1_projekt/project/project.srcs/sim_1/new/tb_top.vhd" into library xil_defaultlib
INFO: [VRFC 10-3107] analyzing entity 'tb_top'
INFO: [USF-XSim-69] 'compile' step finished in '1' seconds
Command: launch_simulation -simset sim_1 -mode behavioral
INFO: [Vivado 12-5682] Launching behavioral simulation in 'D:/malygit/Digital-electronics-1/Labs/de1_projekt/project/project.sim/sim_1/behav/xsim'
INFO: [USF-XSim-3] XSim::Elaborate design
INFO: [USF-XSim-61] Executing 'ELABORATE' step in 'D:/malygit/Digital-electronics-1/Labs/de1_projekt/project/project.sim/sim_1/behav/xsim'
"xelab -wto c36a08d58b9c4889a4cef2aad221be2c --incr --debug typical --relax --mt 2 -L xil_defaultlib -L secureip --snapshot tb_top_behav xil_defaultlib.tb_top -log elaborate.log"
Vivado Simulator 2020.2
Copyright 1986-1999, 2001-2020 Xilinx, Inc. All Rights Reserved.
Running: D:/vvivado/Vivado/2020.2/bin/unwrapped/win64.o/xelab.exe -wto c36a08d58b9c4889a4cef2aad221be2c --incr --debug typical --relax --mt 2 -L xil_defaultlib -L secureip --snapshot tb_top_behav xil_defaultlib.tb_top -log elaborate.log 
Using 2 slave threads.
Starting static elaboration
Completed static elaboration
Starting simulation data flow analysis
Completed simulation data flow analysis
Time Resolution for simulation is 1ps
Compiling package std.standard
Compiling package std.textio
Compiling package ieee.std_logic_1164
Compiling package ieee.numeric_std
Compiling architecture behavioral of entity xil_defaultlib.clock_enable [\clock_enable(g_max=100)\]
Compiling architecture behavioral of entity xil_defaultlib.state_machine [state_machine_default]
Compiling architecture behavioral of entity xil_defaultlib.clock_enable [\clock_enable(g_max=25000)\]
Compiling architecture behavioral of entity xil_defaultlib.clk_enable_beep [clk_enable_beep_default]
Compiling architecture behavioral of entity xil_defaultlib.pwm [pwm_default]
Compiling architecture behavioral of entity xil_defaultlib.LED_bargraph [led_bargraph_default]
Compiling architecture behavioral of entity xil_defaultlib.top [top_default]
Compiling architecture behavioral of entity xil_defaultlib.tb_top
Built simulation snapshot tb_top_behav
INFO: [USF-XSim-69] 'elaborate' step finished in '2' seconds
Vivado Simulator 2020.2
Time resolution is 1 ps
INFO: [Common 17-41] Interrupt caught. Command should exit soon.
run: Time (s): cpu = 00:00:05 ; elapsed = 00:00:10 . Memory (MB): peak = 1003.203 ; gain = 0.000
INFO: [Common 17-344] 'run' was cancelled
INFO: [Common 17-344] 'source' was cancelled
relaunch_xsim_kernel: Time (s): cpu = 00:00:05 ; elapsed = 00:00:12 . Memory (MB): peak = 1003.203 ; gain = 0.000
INFO: [Common 17-344] 'relaunch_xsim_kernel' was cancelled
INFO: [Common 17-344] 'relaunch_sim' was cancelled
current_wave_config {Untitled 1}
Untitled 1
add_wave {{/tb_top/uut_top/state_machine/s_state}} 
current_wave_config {Untitled 1}
Untitled 1
add_wave {{/tb_top/uut_top/state_machine/s_cnt_echo}} 
current_wave_config {Untitled 1}
Untitled 1
add_wave {{/tb_top/uut_top/state_machine/s_cnt}} 
current_wave_config {Untitled 1}
Untitled 1
add_wave {{/tb_top/uut_top/state_machine/trigger_o}} 
current_wave_config {Untitled 1}
Untitled 1
add_wave {{/tb_top/uut_top/pwm/s_sound}} 
current_wave_config {Untitled 1}
Untitled 1
add_wave {{/tb_top/uut_top/pwm/echo_count_i}} 
current_wave_config {Untitled 1}
Untitled 1
add_wave {{/tb_top/uut_top/LED_bargraph/led_o}} 
current_wave_config {Untitled 1}
Untitled 1
add_wave {{/tb_top/uut_top/LED_bargraph/echo_count_i}} 
current_wave_config {Untitled 1}
Untitled 1
add_wave {{/tb_top/uut_top/LED_bargraph/s_echo}} 
current_wave_config {Untitled 1}
Untitled 1
add_wave {{/tb_top/uut_top/LED_bargraph/s_echo_count}} 
relaunch_sim
Command: launch_simulation -simset sim_1 -mode behavioral
INFO: [Vivado 12-5682] Launching behavioral simulation in 'D:/malygit/Digital-electronics-1/Labs/de1_projekt/project/project.sim/sim_1/behav/xsim'
INFO: [SIM-utils-51] Simulation object is 'sim_1'
INFO: [SIM-utils-54] Inspecting design source files for 'tb_top' in fileset 'sim_1'...
INFO: [USF-XSim-97] Finding global include files...
INFO: [USF-XSim-98] Fetching design files from 'sim_1'...
INFO: [USF-XSim-2] XSim::Compile design
INFO: [USF-XSim-61] Executing 'COMPILE and ANALYZE' step in 'D:/malygit/Digital-electronics-1/Labs/de1_projekt/project/project.sim/sim_1/behav/xsim'
"xvhdl --incr --relax -prj tb_top_vhdl.prj"
INFO: [VRFC 10-163] Analyzing VHDL file "D:/malygit/Digital-electronics-1/Labs/de1_projekt/project/project.srcs/sim_1/new/tb_top.vhd" into library xil_defaultlib
INFO: [VRFC 10-3107] analyzing entity 'tb_top'
INFO: [USF-XSim-69] 'compile' step finished in '1' seconds
Command: launch_simulation -simset sim_1 -mode behavioral
INFO: [Vivado 12-5682] Launching behavioral simulation in 'D:/malygit/Digital-electronics-1/Labs/de1_projekt/project/project.sim/sim_1/behav/xsim'
INFO: [USF-XSim-3] XSim::Elaborate design
INFO: [USF-XSim-61] Executing 'ELABORATE' step in 'D:/malygit/Digital-electronics-1/Labs/de1_projekt/project/project.sim/sim_1/behav/xsim'
"xelab -wto c36a08d58b9c4889a4cef2aad221be2c --incr --debug typical --relax --mt 2 -L xil_defaultlib -L secureip --snapshot tb_top_behav xil_defaultlib.tb_top -log elaborate.log"
Vivado Simulator 2020.2
Copyright 1986-1999, 2001-2020 Xilinx, Inc. All Rights Reserved.
Running: D:/vvivado/Vivado/2020.2/bin/unwrapped/win64.o/xelab.exe -wto c36a08d58b9c4889a4cef2aad221be2c --incr --debug typical --relax --mt 2 -L xil_defaultlib -L secureip --snapshot tb_top_behav xil_defaultlib.tb_top -log elaborate.log 
Using 2 slave threads.
Starting static elaboration
Completed static elaboration
Starting simulation data flow analysis
Completed simulation data flow analysis
Time Resolution for simulation is 1ps
Compiling package std.standard
Compiling package std.textio
Compiling package ieee.std_logic_1164
Compiling package ieee.numeric_std
Compiling architecture behavioral of entity xil_defaultlib.clock_enable [\clock_enable(g_max=100)\]
Compiling architecture behavioral of entity xil_defaultlib.state_machine [state_machine_default]
Compiling architecture behavioral of entity xil_defaultlib.clock_enable [\clock_enable(g_max=25000)\]
Compiling architecture behavioral of entity xil_defaultlib.clk_enable_beep [clk_enable_beep_default]
Compiling architecture behavioral of entity xil_defaultlib.pwm [pwm_default]
Compiling architecture behavioral of entity xil_defaultlib.LED_bargraph [led_bargraph_default]
Compiling architecture behavioral of entity xil_defaultlib.top [top_default]
Compiling architecture behavioral of entity xil_defaultlib.tb_top
Built simulation snapshot tb_top_behav
INFO: [USF-XSim-69] 'elaborate' step finished in '2' seconds
Vivado Simulator 2020.2
Time resolution is 1 ps
run: Time (s): cpu = 00:00:42 ; elapsed = 00:01:55 . Memory (MB): peak = 1003.203 ; gain = 0.000
relaunch_xsim_kernel: Time (s): cpu = 00:00:43 ; elapsed = 00:01:57 . Memory (MB): peak = 1003.203 ; gain = 0.000
relaunch_sim: Time (s): cpu = 00:00:45 ; elapsed = 00:02:03 . Memory (MB): peak = 1003.203 ; gain = 0.000
relaunch_sim
Command: launch_simulation -simset sim_1 -mode behavioral
INFO: [Vivado 12-5682] Launching behavioral simulation in 'D:/malygit/Digital-electronics-1/Labs/de1_projekt/project/project.sim/sim_1/behav/xsim'
INFO: [SIM-utils-51] Simulation object is 'sim_1'
INFO: [SIM-utils-54] Inspecting design source files for 'tb_top' in fileset 'sim_1'...
INFO: [USF-XSim-97] Finding global include files...
INFO: [USF-XSim-98] Fetching design files from 'sim_1'...
INFO: [USF-XSim-2] XSim::Compile design
INFO: [USF-XSim-61] Executing 'COMPILE and ANALYZE' step in 'D:/malygit/Digital-electronics-1/Labs/de1_projekt/project/project.sim/sim_1/behav/xsim'
"xvhdl --incr --relax -prj tb_top_vhdl.prj"
INFO: [VRFC 10-163] Analyzing VHDL file "D:/malygit/Digital-electronics-1/Labs/de1_projekt/project/project.srcs/sources_1/new/state_machine.vhd" into library xil_defaultlib
INFO: [VRFC 10-3107] analyzing entity 'state_machine'
INFO: [VRFC 10-163] Analyzing VHDL file "D:/malygit/Digital-electronics-1/Labs/de1_projekt/project/project.srcs/sources_1/new/top.vhd" into library xil_defaultlib
INFO: [VRFC 10-3107] analyzing entity 'top'
INFO: [VRFC 10-163] Analyzing VHDL file "D:/malygit/Digital-electronics-1/Labs/de1_projekt/project/project.srcs/sim_1/new/tb_top.vhd" into library xil_defaultlib
INFO: [VRFC 10-3107] analyzing entity 'tb_top'
INFO: [USF-XSim-69] 'compile' step finished in '1' seconds
Command: launch_simulation -simset sim_1 -mode behavioral
INFO: [Vivado 12-5682] Launching behavioral simulation in 'D:/malygit/Digital-electronics-1/Labs/de1_projekt/project/project.sim/sim_1/behav/xsim'
INFO: [USF-XSim-3] XSim::Elaborate design
INFO: [USF-XSim-61] Executing 'ELABORATE' step in 'D:/malygit/Digital-electronics-1/Labs/de1_projekt/project/project.sim/sim_1/behav/xsim'
"xelab -wto c36a08d58b9c4889a4cef2aad221be2c --incr --debug typical --relax --mt 2 -L xil_defaultlib -L secureip --snapshot tb_top_behav xil_defaultlib.tb_top -log elaborate.log"
Vivado Simulator 2020.2
Copyright 1986-1999, 2001-2020 Xilinx, Inc. All Rights Reserved.
Running: D:/vvivado/Vivado/2020.2/bin/unwrapped/win64.o/xelab.exe -wto c36a08d58b9c4889a4cef2aad221be2c --incr --debug typical --relax --mt 2 -L xil_defaultlib -L secureip --snapshot tb_top_behav xil_defaultlib.tb_top -log elaborate.log 
Using 2 slave threads.
Starting static elaboration
Completed static elaboration
Starting simulation data flow analysis
Completed simulation data flow analysis
Time Resolution for simulation is 1ps
Compiling package std.standard
Compiling package std.textio
Compiling package ieee.std_logic_1164
Compiling package ieee.numeric_std
Compiling architecture behavioral of entity xil_defaultlib.clock_enable [\clock_enable(g_max=100000)\]
Compiling architecture behavioral of entity xil_defaultlib.state_machine [state_machine_default]
Compiling architecture behavioral of entity xil_defaultlib.clock_enable [\clock_enable(g_max=25000)\]
Compiling architecture behavioral of entity xil_defaultlib.clk_enable_beep [clk_enable_beep_default]
Compiling architecture behavioral of entity xil_defaultlib.pwm [pwm_default]
Compiling architecture behavioral of entity xil_defaultlib.clock_enable [\clock_enable(g_max=100)\]
Compiling architecture behavioral of entity xil_defaultlib.LED_bargraph [led_bargraph_default]
Compiling architecture behavioral of entity xil_defaultlib.top [top_default]
Compiling architecture behavioral of entity xil_defaultlib.tb_top
Built simulation snapshot tb_top_behav
INFO: [USF-XSim-69] 'elaborate' step finished in '1' seconds
Vivado Simulator 2020.2
Time resolution is 1 ps
INFO: [Common 17-41] Interrupt caught. Command should exit soon.
run: Time (s): cpu = 00:00:06 ; elapsed = 00:00:13 . Memory (MB): peak = 1003.203 ; gain = 0.000
INFO: [Common 17-344] 'run' was cancelled
INFO: [Common 17-344] 'source' was cancelled
relaunch_xsim_kernel: Time (s): cpu = 00:00:07 ; elapsed = 00:00:15 . Memory (MB): peak = 1003.203 ; gain = 0.000
INFO: [Common 17-344] 'relaunch_xsim_kernel' was cancelled
INFO: [Common 17-344] 'relaunch_sim' was cancelled
relaunch_sim
Command: launch_simulation -simset sim_1 -mode behavioral
INFO: [Vivado 12-5682] Launching behavioral simulation in 'D:/malygit/Digital-electronics-1/Labs/de1_projekt/project/project.sim/sim_1/behav/xsim'
INFO: [SIM-utils-51] Simulation object is 'sim_1'
INFO: [SIM-utils-54] Inspecting design source files for 'tb_top' in fileset 'sim_1'...
INFO: [USF-XSim-97] Finding global include files...
INFO: [USF-XSim-98] Fetching design files from 'sim_1'...
INFO: [USF-XSim-2] XSim::Compile design
INFO: [USF-XSim-61] Executing 'COMPILE and ANALYZE' step in 'D:/malygit/Digital-electronics-1/Labs/de1_projekt/project/project.sim/sim_1/behav/xsim'
"xvhdl --incr --relax -prj tb_top_vhdl.prj"
INFO: [VRFC 10-163] Analyzing VHDL file "D:/malygit/Digital-electronics-1/Labs/de1_projekt/project/project.srcs/sources_1/new/state_machine.vhd" into library xil_defaultlib
INFO: [VRFC 10-3107] analyzing entity 'state_machine'
INFO: [VRFC 10-163] Analyzing VHDL file "D:/malygit/Digital-electronics-1/Labs/de1_projekt/project/project.srcs/sources_1/new/top.vhd" into library xil_defaultlib
INFO: [VRFC 10-3107] analyzing entity 'top'
INFO: [VRFC 10-163] Analyzing VHDL file "D:/malygit/Digital-electronics-1/Labs/de1_projekt/project/project.srcs/sim_1/new/tb_top.vhd" into library xil_defaultlib
INFO: [VRFC 10-3107] analyzing entity 'tb_top'
INFO: [USF-XSim-69] 'compile' step finished in '2' seconds
Command: launch_simulation -simset sim_1 -mode behavioral
INFO: [Vivado 12-5682] Launching behavioral simulation in 'D:/malygit/Digital-electronics-1/Labs/de1_projekt/project/project.sim/sim_1/behav/xsim'
INFO: [USF-XSim-3] XSim::Elaborate design
INFO: [USF-XSim-61] Executing 'ELABORATE' step in 'D:/malygit/Digital-electronics-1/Labs/de1_projekt/project/project.sim/sim_1/behav/xsim'
"xelab -wto c36a08d58b9c4889a4cef2aad221be2c --incr --debug typical --relax --mt 2 -L xil_defaultlib -L secureip --snapshot tb_top_behav xil_defaultlib.tb_top -log elaborate.log"
Vivado Simulator 2020.2
Copyright 1986-1999, 2001-2020 Xilinx, Inc. All Rights Reserved.
Running: D:/vvivado/Vivado/2020.2/bin/unwrapped/win64.o/xelab.exe -wto c36a08d58b9c4889a4cef2aad221be2c --incr --debug typical --relax --mt 2 -L xil_defaultlib -L secureip --snapshot tb_top_behav xil_defaultlib.tb_top -log elaborate.log 
Using 2 slave threads.
Starting static elaboration
Completed static elaboration
Starting simulation data flow analysis
Completed simulation data flow analysis
Time Resolution for simulation is 1ps
Compiling package std.standard
Compiling package std.textio
Compiling package ieee.std_logic_1164
Compiling package ieee.numeric_std
Compiling architecture behavioral of entity xil_defaultlib.clock_enable [\clock_enable(g_max=100)\]
Compiling architecture behavioral of entity xil_defaultlib.state_machine [state_machine_default]
Compiling architecture behavioral of entity xil_defaultlib.clock_enable [\clock_enable(g_max=25000)\]
Compiling architecture behavioral of entity xil_defaultlib.clk_enable_beep [clk_enable_beep_default]
Compiling architecture behavioral of entity xil_defaultlib.pwm [pwm_default]
Compiling architecture behavioral of entity xil_defaultlib.LED_bargraph [led_bargraph_default]
Compiling architecture behavioral of entity xil_defaultlib.top [top_default]
Compiling architecture behavioral of entity xil_defaultlib.tb_top
Built simulation snapshot tb_top_behav
INFO: [USF-XSim-69] 'elaborate' step finished in '1' seconds
Vivado Simulator 2020.2
Time resolution is 1 ps
INFO: [Common 17-41] Interrupt caught. Command should exit soon.
run: Time (s): cpu = 00:00:17 ; elapsed = 00:00:47 . Memory (MB): peak = 1003.203 ; gain = 0.000
INFO: [Common 17-344] 'run' was cancelled
INFO: [Common 17-344] 'source' was cancelled
relaunch_xsim_kernel: Time (s): cpu = 00:00:18 ; elapsed = 00:00:49 . Memory (MB): peak = 1003.203 ; gain = 0.000
INFO: [Common 17-344] 'relaunch_xsim_kernel' was cancelled
INFO: [Common 17-344] 'relaunch_sim' was cancelled
current_wave_config {Untitled 1}
Untitled 1
add_wave {{/tb_top/uut_top/state_machine/echo_count_o}} 
current_wave_config {Untitled 1}
Untitled 1
add_wave {{/tb_top/uut_top/s_echo_count}} 
current_wave_config {Untitled 1}
Untitled 1
add_wave {{/tb_top/uut_top/pwm/echo_count_i}} 
current_wave_config {Untitled 1}
Untitled 1
add_wave {{/tb_top/uut_top/LED_bargraph/echo_count_i}} 
relaunch_sim
Command: launch_simulation -simset sim_1 -mode behavioral
INFO: [Vivado 12-5682] Launching behavioral simulation in 'D:/malygit/Digital-electronics-1/Labs/de1_projekt/project/project.sim/sim_1/behav/xsim'
INFO: [SIM-utils-51] Simulation object is 'sim_1'
INFO: [SIM-utils-54] Inspecting design source files for 'tb_top' in fileset 'sim_1'...
INFO: [USF-XSim-97] Finding global include files...
INFO: [USF-XSim-98] Fetching design files from 'sim_1'...
INFO: [USF-XSim-2] XSim::Compile design
INFO: [USF-XSim-61] Executing 'COMPILE and ANALYZE' step in 'D:/malygit/Digital-electronics-1/Labs/de1_projekt/project/project.sim/sim_1/behav/xsim'
"xvhdl --incr --relax -prj tb_top_vhdl.prj"
INFO: [VRFC 10-163] Analyzing VHDL file "D:/malygit/Digital-electronics-1/Labs/de1_projekt/project/project.srcs/sources_1/new/LED_bargraph.vhd" into library xil_defaultlib
INFO: [VRFC 10-3107] analyzing entity 'LED_bargraph'
INFO: [VRFC 10-163] Analyzing VHDL file "D:/malygit/Digital-electronics-1/Labs/de1_projekt/project/project.srcs/sources_1/new/pwm.vhd" into library xil_defaultlib
INFO: [VRFC 10-3107] analyzing entity 'pwm'
INFO: [VRFC 10-163] Analyzing VHDL file "D:/malygit/Digital-electronics-1/Labs/de1_projekt/project/project.srcs/sources_1/new/top.vhd" into library xil_defaultlib
INFO: [VRFC 10-3107] analyzing entity 'top'
INFO: [VRFC 10-163] Analyzing VHDL file "D:/malygit/Digital-electronics-1/Labs/de1_projekt/project/project.srcs/sim_1/new/tb_top.vhd" into library xil_defaultlib
INFO: [VRFC 10-3107] analyzing entity 'tb_top'
INFO: [USF-XSim-69] 'compile' step finished in '1' seconds
Command: launch_simulation -simset sim_1 -mode behavioral
INFO: [Vivado 12-5682] Launching behavioral simulation in 'D:/malygit/Digital-electronics-1/Labs/de1_projekt/project/project.sim/sim_1/behav/xsim'
INFO: [USF-XSim-3] XSim::Elaborate design
INFO: [USF-XSim-61] Executing 'ELABORATE' step in 'D:/malygit/Digital-electronics-1/Labs/de1_projekt/project/project.sim/sim_1/behav/xsim'
"xelab -wto c36a08d58b9c4889a4cef2aad221be2c --incr --debug typical --relax --mt 2 -L xil_defaultlib -L secureip --snapshot tb_top_behav xil_defaultlib.tb_top -log elaborate.log"
Vivado Simulator 2020.2
Copyright 1986-1999, 2001-2020 Xilinx, Inc. All Rights Reserved.
Running: D:/vvivado/Vivado/2020.2/bin/unwrapped/win64.o/xelab.exe -wto c36a08d58b9c4889a4cef2aad221be2c --incr --debug typical --relax --mt 2 -L xil_defaultlib -L secureip --snapshot tb_top_behav xil_defaultlib.tb_top -log elaborate.log 
Using 2 slave threads.
Starting static elaboration
Completed static elaboration
Starting simulation data flow analysis
Completed simulation data flow analysis
Time Resolution for simulation is 1ps
Compiling package std.standard
Compiling package std.textio
Compiling package ieee.std_logic_1164
Compiling package ieee.numeric_std
Compiling architecture behavioral of entity xil_defaultlib.clock_enable [\clock_enable(g_max=100)\]
Compiling architecture behavioral of entity xil_defaultlib.state_machine [state_machine_default]
Compiling architecture behavioral of entity xil_defaultlib.clock_enable [\clock_enable(g_max=25000)\]
Compiling architecture behavioral of entity xil_defaultlib.clk_enable_beep [clk_enable_beep_default]
Compiling architecture behavioral of entity xil_defaultlib.pwm [pwm_default]
Compiling architecture behavioral of entity xil_defaultlib.LED_bargraph [led_bargraph_default]
Compiling architecture behavioral of entity xil_defaultlib.top [top_default]
Compiling architecture behavioral of entity xil_defaultlib.tb_top
Built simulation snapshot tb_top_behav
INFO: [USF-XSim-69] 'elaborate' step finished in '2' seconds
Vivado Simulator 2020.2
Time resolution is 1 ps
INFO: [Common 17-41] Interrupt caught. Command should exit soon.
run: Time (s): cpu = 00:00:04 ; elapsed = 00:00:09 . Memory (MB): peak = 1003.203 ; gain = 0.000
INFO: [Common 17-344] 'run' was cancelled
INFO: [Common 17-344] 'source' was cancelled
relaunch_xsim_kernel: Time (s): cpu = 00:00:04 ; elapsed = 00:00:11 . Memory (MB): peak = 1003.203 ; gain = 0.000
INFO: [Common 17-344] 'relaunch_xsim_kernel' was cancelled
INFO: [Common 17-344] 'relaunch_sim' was cancelled
current_wave_config {Untitled 1}
Untitled 1
add_wave {{/tb_top/uut_top/pwm/s_en}} 
relaunch_sim
Command: launch_simulation -simset sim_1 -mode behavioral
INFO: [Vivado 12-5682] Launching behavioral simulation in 'D:/malygit/Digital-electronics-1/Labs/de1_projekt/project/project.sim/sim_1/behav/xsim'
INFO: [SIM-utils-51] Simulation object is 'sim_1'
INFO: [SIM-utils-54] Inspecting design source files for 'tb_top' in fileset 'sim_1'...
INFO: [USF-XSim-97] Finding global include files...
INFO: [USF-XSim-98] Fetching design files from 'sim_1'...
INFO: [USF-XSim-2] XSim::Compile design
INFO: [USF-XSim-61] Executing 'COMPILE and ANALYZE' step in 'D:/malygit/Digital-electronics-1/Labs/de1_projekt/project/project.sim/sim_1/behav/xsim'
"xvhdl --incr --relax -prj tb_top_vhdl.prj"
INFO: [VRFC 10-163] Analyzing VHDL file "D:/malygit/Digital-electronics-1/Labs/de1_projekt/project/project.srcs/sources_1/new/LED_bargraph.vhd" into library xil_defaultlib
INFO: [VRFC 10-3107] analyzing entity 'LED_bargraph'
INFO: [VRFC 10-163] Analyzing VHDL file "D:/malygit/Digital-electronics-1/Labs/de1_projekt/project/project.srcs/sources_1/new/top.vhd" into library xil_defaultlib
INFO: [VRFC 10-3107] analyzing entity 'top'
INFO: [VRFC 10-163] Analyzing VHDL file "D:/malygit/Digital-electronics-1/Labs/de1_projekt/project/project.srcs/sim_1/new/tb_top.vhd" into library xil_defaultlib
INFO: [VRFC 10-3107] analyzing entity 'tb_top'
INFO: [USF-XSim-69] 'compile' step finished in '1' seconds
Command: launch_simulation -simset sim_1 -mode behavioral
INFO: [Vivado 12-5682] Launching behavioral simulation in 'D:/malygit/Digital-electronics-1/Labs/de1_projekt/project/project.sim/sim_1/behav/xsim'
INFO: [USF-XSim-3] XSim::Elaborate design
INFO: [USF-XSim-61] Executing 'ELABORATE' step in 'D:/malygit/Digital-electronics-1/Labs/de1_projekt/project/project.sim/sim_1/behav/xsim'
"xelab -wto c36a08d58b9c4889a4cef2aad221be2c --incr --debug typical --relax --mt 2 -L xil_defaultlib -L secureip --snapshot tb_top_behav xil_defaultlib.tb_top -log elaborate.log"
Vivado Simulator 2020.2
Copyright 1986-1999, 2001-2020 Xilinx, Inc. All Rights Reserved.
Running: D:/vvivado/Vivado/2020.2/bin/unwrapped/win64.o/xelab.exe -wto c36a08d58b9c4889a4cef2aad221be2c --incr --debug typical --relax --mt 2 -L xil_defaultlib -L secureip --snapshot tb_top_behav xil_defaultlib.tb_top -log elaborate.log 
Using 2 slave threads.
Starting static elaboration
Completed static elaboration
Starting simulation data flow analysis
Completed simulation data flow analysis
Time Resolution for simulation is 1ps
Compiling package std.standard
Compiling package std.textio
Compiling package ieee.std_logic_1164
Compiling package ieee.numeric_std
Compiling architecture behavioral of entity xil_defaultlib.clock_enable [\clock_enable(g_max=100)\]
Compiling architecture behavioral of entity xil_defaultlib.state_machine [state_machine_default]
Compiling architecture behavioral of entity xil_defaultlib.clock_enable [\clock_enable(g_max=25000)\]
Compiling architecture behavioral of entity xil_defaultlib.clk_enable_beep [clk_enable_beep_default]
Compiling architecture behavioral of entity xil_defaultlib.pwm [pwm_default]
Compiling architecture behavioral of entity xil_defaultlib.LED_bargraph [led_bargraph_default]
Compiling architecture behavioral of entity xil_defaultlib.top [top_default]
Compiling architecture behavioral of entity xil_defaultlib.tb_top
Built simulation snapshot tb_top_behav
INFO: [USF-XSim-69] 'elaborate' step finished in '2' seconds
Vivado Simulator 2020.2
Time resolution is 1 ps
INFO: [Common 17-41] Interrupt caught. Command should exit soon.
run: Time (s): cpu = 00:00:04 ; elapsed = 00:00:08 . Memory (MB): peak = 1003.203 ; gain = 0.000
INFO: [Common 17-344] 'run' was cancelled
INFO: [Common 17-344] 'source' was cancelled
relaunch_xsim_kernel: Time (s): cpu = 00:00:05 ; elapsed = 00:00:10 . Memory (MB): peak = 1003.203 ; gain = 0.000
INFO: [Common 17-344] 'relaunch_xsim_kernel' was cancelled
INFO: [Common 17-344] 'relaunch_sim' was cancelled
current_wave_config {Untitled 1}
Untitled 1
add_wave {{/tb_top/uut_top/pwm/s_4khz}} 
current_wave_config {Untitled 1}
Untitled 1
add_wave {{/tb_top/uut_top/pwm/sound}} 
relaunch_sim
Command: launch_simulation -simset sim_1 -mode behavioral
INFO: [Vivado 12-5682] Launching behavioral simulation in 'D:/malygit/Digital-electronics-1/Labs/de1_projekt/project/project.sim/sim_1/behav/xsim'
INFO: [SIM-utils-51] Simulation object is 'sim_1'
INFO: [SIM-utils-54] Inspecting design source files for 'tb_top' in fileset 'sim_1'...
INFO: [USF-XSim-97] Finding global include files...
INFO: [USF-XSim-98] Fetching design files from 'sim_1'...
INFO: [USF-XSim-2] XSim::Compile design
INFO: [USF-XSim-61] Executing 'COMPILE and ANALYZE' step in 'D:/malygit/Digital-electronics-1/Labs/de1_projekt/project/project.sim/sim_1/behav/xsim'
"xvhdl --incr --relax -prj tb_top_vhdl.prj"
INFO: [VRFC 10-163] Analyzing VHDL file "D:/malygit/Digital-electronics-1/Labs/de1_projekt/project/project.srcs/sources_1/new/pwm.vhd" into library xil_defaultlib
INFO: [VRFC 10-3107] analyzing entity 'pwm'
INFO: [VRFC 10-163] Analyzing VHDL file "D:/malygit/Digital-electronics-1/Labs/de1_projekt/project/project.srcs/sources_1/new/top.vhd" into library xil_defaultlib
INFO: [VRFC 10-3107] analyzing entity 'top'
INFO: [VRFC 10-163] Analyzing VHDL file "D:/malygit/Digital-electronics-1/Labs/de1_projekt/project/project.srcs/sim_1/new/tb_top.vhd" into library xil_defaultlib
INFO: [VRFC 10-3107] analyzing entity 'tb_top'
INFO: [USF-XSim-69] 'compile' step finished in '2' seconds
Command: launch_simulation -simset sim_1 -mode behavioral
INFO: [Vivado 12-5682] Launching behavioral simulation in 'D:/malygit/Digital-electronics-1/Labs/de1_projekt/project/project.sim/sim_1/behav/xsim'
INFO: [USF-XSim-3] XSim::Elaborate design
INFO: [USF-XSim-61] Executing 'ELABORATE' step in 'D:/malygit/Digital-electronics-1/Labs/de1_projekt/project/project.sim/sim_1/behav/xsim'
"xelab -wto c36a08d58b9c4889a4cef2aad221be2c --incr --debug typical --relax --mt 2 -L xil_defaultlib -L secureip --snapshot tb_top_behav xil_defaultlib.tb_top -log elaborate.log"
Vivado Simulator 2020.2
Copyright 1986-1999, 2001-2020 Xilinx, Inc. All Rights Reserved.
Running: D:/vvivado/Vivado/2020.2/bin/unwrapped/win64.o/xelab.exe -wto c36a08d58b9c4889a4cef2aad221be2c --incr --debug typical --relax --mt 2 -L xil_defaultlib -L secureip --snapshot tb_top_behav xil_defaultlib.tb_top -log elaborate.log 
Using 2 slave threads.
Starting static elaboration
Completed static elaboration
Starting simulation data flow analysis
Completed simulation data flow analysis
Time Resolution for simulation is 1ps
Compiling package std.standard
Compiling package std.textio
Compiling package ieee.std_logic_1164
Compiling package ieee.numeric_std
Compiling architecture behavioral of entity xil_defaultlib.clock_enable [\clock_enable(g_max=100)\]
Compiling architecture behavioral of entity xil_defaultlib.state_machine [state_machine_default]
Compiling architecture behavioral of entity xil_defaultlib.clock_enable [\clock_enable(g_max=25000)\]
Compiling architecture behavioral of entity xil_defaultlib.clk_enable_beep [clk_enable_beep_default]
Compiling architecture behavioral of entity xil_defaultlib.pwm [pwm_default]
Compiling architecture behavioral of entity xil_defaultlib.LED_bargraph [led_bargraph_default]
Compiling architecture behavioral of entity xil_defaultlib.top [top_default]
Compiling architecture behavioral of entity xil_defaultlib.tb_top
Built simulation snapshot tb_top_behav
INFO: [USF-XSim-69] 'elaborate' step finished in '1' seconds
Vivado Simulator 2020.2
Time resolution is 1 ps
INFO: [Common 17-41] Interrupt caught. Command should exit soon.
run: Time (s): cpu = 00:00:05 ; elapsed = 00:00:12 . Memory (MB): peak = 1003.203 ; gain = 0.000
INFO: [Common 17-344] 'run' was cancelled
INFO: [Common 17-344] 'source' was cancelled
relaunch_xsim_kernel: Time (s): cpu = 00:00:06 ; elapsed = 00:00:14 . Memory (MB): peak = 1003.203 ; gain = 0.000
INFO: [Common 17-344] 'relaunch_xsim_kernel' was cancelled
INFO: [Common 17-344] 'relaunch_sim' was cancelled
relaunch_sim
Command: launch_simulation -simset sim_1 -mode behavioral
INFO: [Vivado 12-5682] Launching behavioral simulation in 'D:/malygit/Digital-electronics-1/Labs/de1_projekt/project/project.sim/sim_1/behav/xsim'
INFO: [SIM-utils-51] Simulation object is 'sim_1'
INFO: [SIM-utils-54] Inspecting design source files for 'tb_top' in fileset 'sim_1'...
INFO: [USF-XSim-97] Finding global include files...
INFO: [USF-XSim-98] Fetching design files from 'sim_1'...
INFO: [USF-XSim-2] XSim::Compile design
INFO: [USF-XSim-61] Executing 'COMPILE and ANALYZE' step in 'D:/malygit/Digital-electronics-1/Labs/de1_projekt/project/project.sim/sim_1/behav/xsim'
"xvhdl --incr --relax -prj tb_top_vhdl.prj"
INFO: [VRFC 10-163] Analyzing VHDL file "D:/malygit/Digital-electronics-1/Labs/de1_projekt/project/project.srcs/sim_1/new/tb_top.vhd" into library xil_defaultlib
INFO: [VRFC 10-3107] analyzing entity 'tb_top'
INFO: [USF-XSim-69] 'compile' step finished in '1' seconds
Command: launch_simulation -simset sim_1 -mode behavioral
INFO: [Vivado 12-5682] Launching behavioral simulation in 'D:/malygit/Digital-electronics-1/Labs/de1_projekt/project/project.sim/sim_1/behav/xsim'
INFO: [USF-XSim-3] XSim::Elaborate design
INFO: [USF-XSim-61] Executing 'ELABORATE' step in 'D:/malygit/Digital-electronics-1/Labs/de1_projekt/project/project.sim/sim_1/behav/xsim'
"xelab -wto c36a08d58b9c4889a4cef2aad221be2c --incr --debug typical --relax --mt 2 -L xil_defaultlib -L secureip --snapshot tb_top_behav xil_defaultlib.tb_top -log elaborate.log"
Vivado Simulator 2020.2
Copyright 1986-1999, 2001-2020 Xilinx, Inc. All Rights Reserved.
Running: D:/vvivado/Vivado/2020.2/bin/unwrapped/win64.o/xelab.exe -wto c36a08d58b9c4889a4cef2aad221be2c --incr --debug typical --relax --mt 2 -L xil_defaultlib -L secureip --snapshot tb_top_behav xil_defaultlib.tb_top -log elaborate.log 
Using 2 slave threads.
Starting static elaboration
Completed static elaboration
Starting simulation data flow analysis
Completed simulation data flow analysis
Time Resolution for simulation is 1ps
Compiling package std.standard
Compiling package std.textio
Compiling package ieee.std_logic_1164
Compiling package ieee.numeric_std
Compiling architecture behavioral of entity xil_defaultlib.clock_enable [\clock_enable(g_max=100)\]
Compiling architecture behavioral of entity xil_defaultlib.state_machine [state_machine_default]
Compiling architecture behavioral of entity xil_defaultlib.clock_enable [\clock_enable(g_max=25000)\]
Compiling architecture behavioral of entity xil_defaultlib.clk_enable_beep [clk_enable_beep_default]
Compiling architecture behavioral of entity xil_defaultlib.pwm [pwm_default]
Compiling architecture behavioral of entity xil_defaultlib.LED_bargraph [led_bargraph_default]
Compiling architecture behavioral of entity xil_defaultlib.top [top_default]
Compiling architecture behavioral of entity xil_defaultlib.tb_top
Built simulation snapshot tb_top_behav
INFO: [USF-XSim-69] 'elaborate' step finished in '2' seconds
Vivado Simulator 2020.2
Time resolution is 1 ps
INFO: [Common 17-41] Interrupt caught. Command should exit soon.
run: Time (s): cpu = 00:00:07 ; elapsed = 00:00:14 . Memory (MB): peak = 1003.203 ; gain = 0.000
INFO: [Common 17-344] 'run' was cancelled
INFO: [Common 17-344] 'source' was cancelled
relaunch_xsim_kernel: Time (s): cpu = 00:00:08 ; elapsed = 00:00:16 . Memory (MB): peak = 1003.203 ; gain = 0.000
INFO: [Common 17-344] 'relaunch_xsim_kernel' was cancelled
INFO: [Common 17-344] 'relaunch_sim' was cancelled
close_sim
INFO: [Simtcl 6-16] Simulation closed
exit
INFO: [Common 17-206] Exiting Vivado at Tue May  4 13:39:27 2021...
