#-----------------------------------------------------------
# Vivado v2020.2 (64-bit)
# SW Build 3064766 on Wed Nov 18 09:12:45 MST 2020
# IP Build 3064653 on Wed Nov 18 14:17:31 MST 2020
# Start of session at: Tue May  4 13:39:36 2021
# Process ID: 13268
# Current directory: D:/malygit/Digital-electronics-1/Labs/de1_projekt/project
# Command line: vivado.exe -gui_launcher_event rodinguilauncherevent14548 D:\malygit\Digital-electronics-1\Labs\de1_projekt\project\project.xpr
# Log file: D:/malygit/Digital-electronics-1/Labs/de1_projekt/project/vivado.log
# Journal file: D:/malygit/Digital-electronics-1/Labs/de1_projekt/project\vivado.jou
#-----------------------------------------------------------
start_gui
open_project D:/malygit/Digital-electronics-1/Labs/de1_projekt/project/project.xpr
WARNING: [filemgmt 56-3] Default IP Output Path : Could not find the directory 'D:/malygit/Digital-electronics-1/Labs/de1_projekt/project/project.gen/sources_1'.
Scanning sources...
Finished scanning sources
INFO: [IP_Flow 19-234] Refreshing IP repositories
INFO: [IP_Flow 19-1704] No user IP repositories specified
INFO: [IP_Flow 19-2313] Loaded Vivado IP repository 'D:/vvivado/Vivado/2020.2/data/ip'.
open_project: Time (s): cpu = 00:00:18 ; elapsed = 00:00:06 . Memory (MB): peak = 1191.164 ; gain = 0.000
update_compile_order -fileset sources_1
exit
INFO: [Common 17-206] Exiting Vivado at Tue May  4 13:40:44 2021...
